#! /usr/bin/vvp
:ivl_version "11.0 (stable)";
:ivl_delay_selection "TYPICAL";
:vpi_time_precision + 0;
:vpi_module "/usr/lib/x86_64-linux-gnu/ivl/system.vpi";
:vpi_module "/usr/lib/x86_64-linux-gnu/ivl/vhdl_sys.vpi";
:vpi_module "/usr/lib/x86_64-linux-gnu/ivl/vhdl_textio.vpi";
:vpi_module "/usr/lib/x86_64-linux-gnu/ivl/v2005_math.vpi";
:vpi_module "/usr/lib/x86_64-linux-gnu/ivl/va_math.vpi";
S_0x55fdd7041020 .scope module, "example_and_gate" "example_and_gate" 2 1;
 .timescale 0 0;
    .port_info 0 /INPUT 1 "input_1";
    .port_info 1 /INPUT 1 "input_2";
    .port_info 2 /OUTPUT 1 "and_result";
o0x7f863597f078 .functor BUFZ 1, C4<z>; HiZ drive
o0x7f863597f0a8 .functor BUFZ 1, C4<z>; HiZ drive
L_0x55fdd7062890 .functor AND 1, o0x7f863597f078, o0x7f863597f0a8, C4<1>, C4<1>;
L_0x55fdd7062990 .functor BUFZ 1, L_0x55fdd7062890, C4<0>, C4<0>, C4<0>;
v0x55fdd7041200_0 .net "and_result", 0 0, L_0x55fdd7062990;  1 drivers
v0x55fdd70625f0_0 .net "and_temp", 0 0, L_0x55fdd7062890;  1 drivers
v0x55fdd70626b0_0 .net "input_1", 0 0, o0x7f863597f078;  0 drivers
v0x55fdd7062750_0 .net "input_2", 0 0, o0x7f863597f0a8;  0 drivers
# The file index is used to find the file name in the following table.
:file_names 3;
    "N/A";
    "<interactive>";
    "example_and.v";
